--- Startup times for process: Primary (or UI client) ---

times in msec
 clock   self+sourced   self:  sourced script
 clock   elapsed:              other lines

000.001  000.001: --- NVIM STARTING ---
000.206  000.205: event init
000.319  000.113: early init
000.399  000.080: locale set
000.450  000.051: init first window
000.918  000.469: inits 1
000.934  000.016: window checked
000.937  000.003: parsing arguments
001.544  000.052  000.052: require('vim._core.shared')
001.637  000.006  000.006: require('string.buffer')
001.670  000.057  000.051: require('vim.inspect')
001.731  000.050  000.050: require('vim._core.options')
001.734  000.186  000.079: require('vim._core.editor')
001.778  000.043  000.043: require('vim._core.system')
001.781  000.312  000.032: require('vim._init_packages')
001.783  000.534: init lua interpreter
003.326  001.542: nvim_ui_attach
003.848  000.522: nvim_set_client_info
003.852  000.004: --- NVIM STARTED ---

--- Startup times for process: Embedded ---

times in msec
 clock   self+sourced   self:  sourced script
 clock   elapsed:              other lines

000.001  000.001: --- NVIM STARTING ---
000.232  000.231: event init
000.391  000.159: early init
000.491  000.100: locale set
000.564  000.073: init first window
001.221  000.657: inits 1
001.245  000.024: window checked
001.250  000.006: parsing arguments
002.237  000.085  000.085: require('vim._core.shared')
002.378  000.010  000.010: require('string.buffer')
002.430  000.092  000.082: require('vim.inspect')
002.530  000.081  000.081: require('vim._core.options')
002.535  000.289  000.116: require('vim._core.editor')
002.600  000.062  000.062: require('vim._core.system')
002.604  000.492  000.055: require('vim._init_packages')
002.609  000.867: init lua interpreter
002.748  000.140: expanding arguments
002.791  000.042: inits 2
004.265  001.475: init highlight
004.274  000.009: waiting for UI
004.910  000.636: done waiting for UI
004.938  000.027: clear screen
005.307  000.031  000.031: require('vim.keymap')
008.359  000.484  000.484: sourcing nvim_exec2()
008.469  000.016  000.016: require('vim._core.log')
013.338  008.381  007.850: require('vim._core.defaults')
013.348  000.029: init default mappings & autocommands
014.805  000.541  000.541: sourcing /snap/nvim/4779/usr/share/nvim/runtime/ftplugin.vim
015.350  000.461  000.461: sourcing /snap/nvim/4779/usr/share/nvim/runtime/indent.vim
020.219  000.824  000.824: require('vim._async')
020.281  003.536  002.713: require('vim.pack')
020.457  000.121  000.121: require('vim.fs')
021.216  000.026  000.026: require('vim.F')
028.110  002.903  002.903: sourcing /home/emilfreme/.local/share/nvim/site/pack/core/opt/PastelPeach-vim/colors/pastel-peach-dark.vim
028.134  003.299  000.396: sourcing nvim_exec2() called at /home/emilfreme/.config/nvim/init.lua:0
028.173  011.804  004.822: require('emil.base')
029.799  001.620  001.620: require('emil.airline')
032.144  000.393  000.393: require('focus.util')
032.158  000.937  000.544: require('focus.config')
033.164  000.412  000.412: require('focus.plugins')
033.541  000.371  000.371: require('focus.views.zen')
033.931  000.386  000.386: require('focus.views.narrow')
033.939  001.778  000.610: require('focus.views.focus')
033.943  003.240  000.524: require('focus')
034.292  000.029  000.029: sourcing nvim_exec2() called at /home/emilfreme/.config/nvim/init.lua:0
034.313  004.500  001.231: require('emil.zenmode')
035.130  000.815  000.815: require('emil.imgclip')
036.275  000.318  000.318: require('nvim-treesitter')
036.717  000.436  000.436: require('nvim-treesitter.config')
036.757  001.621  000.868: require('emil.treesitter')
037.271  000.511  000.511: require('emil.keymaps')
042.655  004.204  004.204: require('vim.diagnostic')
042.682  005.404  001.200: require('emil.lspconf')
047.820  000.351  000.351: require('cmp.utils.debug')
048.767  000.419  000.419: require('cmp.utils.char')
048.781  000.952  000.533: require('cmp.utils.str')
050.133  000.449  000.449: require('cmp.utils.misc')
050.429  000.291  000.291: require('cmp.utils.buffer')
050.783  000.351  000.351: require('cmp.utils.api')
050.797  001.663  000.572: require('cmp.utils.keymap')
050.801  002.017  000.354: require('cmp.utils.feedkeys')
052.951  000.394  000.394: require('cmp.types.cmp')
053.438  000.483  000.483: require('cmp.types.lsp')
053.705  000.263  000.263: require('cmp.types.vim')
053.721  001.428  000.289: require('cmp.types')
053.727  001.844  000.415: require('cmp.config.mapping')
054.024  000.295  000.295: require('cmp.utils.cache')
054.814  000.474  000.474: require('cmp.config.compare')
055.111  000.293  000.293: require('cmp.config.window')
055.120  001.091  000.325: require('cmp.config.default')
055.160  003.810  000.580: require('cmp.config')
055.197  004.395  000.584: require('cmp.utils.async')
055.906  000.335  000.335: require('cmp.utils.pattern')
055.912  000.711  000.376: require('cmp.context')
058.366  000.670  000.670: require('cmp.utils.snippet')
058.909  000.538  000.538: require('cmp.matcher')
059.078  002.374  001.166: require('cmp.entry')
059.088  003.173  000.799: require('cmp.source')
060.082  000.352  000.352: require('cmp.utils.event')
061.840  000.413  000.413: require('cmp.utils.options')
061.852  001.156  000.743: require('cmp.utils.window')
061.857  001.768  000.612: require('cmp.view.docs_view')
063.380  000.420  000.420: require('cmp.utils.autocmd')
063.514  001.654  001.234: require('cmp.view.custom_entries_view')
064.147  000.629  000.629: require('cmp.view.wildmenu_entries_view')
064.702  000.549  000.549: require('cmp.view.native_entries_view')
065.213  000.505  000.505: require('cmp.view.ghost_text_view')
065.238  006.148  000.691: require('cmp.view')
066.581  019.855  002.108: require('cmp.core')
067.125  000.383  000.383: require('cmp.config.sources')
067.232  021.619  001.382: require('cmp')
067.865  025.180  003.561: require('emil.cmp')
067.870  051.956  000.500: require('emil')
067.874  052.394  000.438: sourcing /home/emilfreme/.config/nvim/init.lua
067.887  001.142: sourcing vimrc file(s)
068.961  000.161  000.161: sourcing nvim_exec2() called at /snap/nvim/4779/usr/share/nvim/runtime/filetype.lua:0
068.967  000.920  000.759: sourcing /snap/nvim/4779/usr/share/nvim/runtime/filetype.lua
070.089  000.310  000.310: sourcing /snap/nvim/4779/usr/share/nvim/runtime/syntax/synload.vim
071.594  002.546  002.236: sourcing /snap/nvim/4779/usr/share/nvim/runtime/syntax/syntax.vim
073.597  000.770  000.770: require('cmp.utils.highlight')
074.472  000.011  000.011: sourcing nvim_exec2() called at /home/emilfreme/.local/share/nvim/site/pack/core/opt/nvim-cmp/plugin/cmp.lua:0
074.478  002.080  001.299: sourcing /home/emilfreme/.local/share/nvim/site/pack/core/opt/nvim-cmp/plugin/cmp.lua
076.001  001.002  001.002: sourcing /home/emilfreme/.local/share/nvim/site/pack/core/opt/nvim-lspconfig/plugin/lspconfig.lua
081.999  000.552  000.552: require('vim.treesitter.language')
082.346  000.339  000.339: require('vim.func')
082.811  000.461  000.461: require('vim.treesitter._range')
083.174  000.356  000.356: require('vim.func._memoize')
083.227  003.408  001.700: require('vim.treesitter.query')
083.308  005.378  001.971: require('vim.treesitter.languagetree')
083.318  006.559  001.180: require('vim.treesitter')
083.526  007.097  000.538: sourcing /home/emilfreme/.local/share/nvim/site/pack/core/opt/nvim-treesitter/plugin/filetypes.lua
083.928  000.354  000.354: sourcing /home/emilfreme/.local/share/nvim/site/pack/core/opt/nvim-treesitter/plugin/nvim-treesitter.lua
084.259  000.290  000.290: sourcing /home/emilfreme/.local/share/nvim/site/pack/core/opt/nvim-treesitter/plugin/query_predicates.lua
085.327  000.336  000.336: require('img-clip.debug')
085.914  000.582  000.582: require('img-clip.config')
086.770  000.446  000.446: require('img-clip.mime_types')
086.777  000.859  000.412: require('img-clip.util')
087.973  000.436  000.436: require('img-clip.clipboard')
088.960  000.538  000.538: require('img-clip.fs')
088.969  000.990  000.451: require('img-clip.markup')
088.976  001.879  000.454: require('img-clip.paste')
088.979  002.200  000.321: require('img-clip')
088.997  004.352  000.375: sourcing /home/emilfreme/.local/share/nvim/site/pack/core/opt/img-clip.nvim/plugin/img-clip.lua
090.841  000.492  000.492: sourcing /home/emilfreme/.local/share/nvim/site/pack/core/opt/vim-airline/autoload/airline/init.vim
092.488  001.152  001.152: sourcing /home/emilfreme/.local/share/nvim/site/pack/core/opt/vim-airline/autoload/airline/parts.vim
093.078  000.264  000.264: sourcing /home/emilfreme/.local/share/nvim/site/pack/core/opt/vim-airline/autoload/airline/formatter/short_path.vim
095.121  000.578  000.578: sourcing /home/emilfreme/.local/share/nvim/site/pack/core/opt/vim-airline/autoload/airline/util.vim
095.256  005.810  003.325: sourcing /home/emilfreme/.local/share/nvim/site/pack/core/opt/vim-airline/plugin/airline.vim
095.957  000.296  000.296: sourcing /home/emilfreme/.local/share/nvim/site/pack/core/opt/vim-airline-themes/plugin/airline-themes.vim
097.567  000.859  000.859: sourcing /snap/nvim/4779/usr/share/nvim/runtime/plugin/gzip.vim
099.930  000.597  000.597: sourcing /snap/nvim/4779/usr/share/nvim/runtime/pack/dist/opt/matchit/plugin/matchit.vim
100.027  002.335  001.738: sourcing /snap/nvim/4779/usr/share/nvim/runtime/plugin/matchit.vim
100.688  000.610  000.610: sourcing /snap/nvim/4779/usr/share/nvim/runtime/plugin/matchparen.vim
102.356  000.840  000.840: sourcing /snap/nvim/4779/usr/share/nvim/runtime/pack/dist/opt/netrw/plugin/netrwPlugin.vim
102.443  001.699  000.860: sourcing /snap/nvim/4779/usr/share/nvim/runtime/plugin/netrwPlugin.vim
102.933  000.397  000.397: sourcing /snap/nvim/4779/usr/share/nvim/runtime/plugin/rplugin.vim
103.299  000.312  000.312: sourcing /snap/nvim/4779/usr/share/nvim/runtime/plugin/tarPlugin.vim
103.524  000.157  000.157: sourcing /snap/nvim/4779/usr/share/nvim/runtime/plugin/tutor.vim
103.943  000.367  000.367: sourcing /snap/nvim/4779/usr/share/nvim/runtime/plugin/zipPlugin.vim
104.200  000.192  000.192: sourcing /snap/nvim/4779/usr/share/nvim/runtime/plugin/editorconfig.lua
104.488  000.225  000.225: sourcing /snap/nvim/4779/usr/share/nvim/runtime/plugin/man.lua
105.064  000.480  000.480: sourcing /snap/nvim/4779/usr/share/nvim/runtime/plugin/net.lua
105.440  000.314  000.314: sourcing /snap/nvim/4779/usr/share/nvim/runtime/plugin/osc52.lua
105.815  000.325  000.325: sourcing /snap/nvim/4779/usr/share/nvim/runtime/plugin/shada.lua
106.035  000.167  000.167: sourcing /snap/nvim/4779/usr/share/nvim/runtime/plugin/spellfile.lua
106.065  004.994: loading rtp plugins
106.285  000.219: loading packages
111.491  002.445  002.445: require('cmp_cmdline')
111.696  002.843  000.399: sourcing /home/emilfreme/.local/share/nvim/site/pack/core/opt/cmp-cmdline/after/plugin/cmp_cmdline.lua
113.173  000.610  000.610: require('cmp_path')
113.245  000.960  000.350: sourcing /home/emilfreme/.local/share/nvim/site/pack/core/opt/cmp-path/after/plugin/cmp_path.lua
115.492  000.311  000.311: require('cmp_buffer.timer')
115.500  000.900  000.588: require('cmp_buffer.buffer')
115.507  001.286  000.387: require('cmp_buffer.source')
115.510  001.569  000.282: require('cmp_buffer')
115.555  001.880  000.312: sourcing /home/emilfreme/.local/share/nvim/site/pack/core/opt/cmp-buffer/after/plugin/cmp_buffer.lua
117.193  000.477  000.477: require('cmp_nvim_lsp.source')
117.200  000.952  000.475: require('cmp_nvim_lsp')
117.225  001.253  000.301: sourcing /home/emilfreme/.local/share/nvim/site/pack/core/opt/cmp-nvim-lsp/after/plugin/cmp_nvim_lsp.lua
117.230  004.009: loading after plugins
117.249  000.019: inits 3
120.976  003.727: reading ShaDa
122.379  000.775  000.775: sourcing /home/emilfreme/.local/share/nvim/site/pack/core/opt/vim-airline/autoload/airline/extensions.vim
122.845  000.291  000.291: sourcing /home/emilfreme/.local/share/nvim/site/pack/core/opt/vim-airline/autoload/airline/extensions/quickfix.vim
123.512  000.539  000.539: sourcing /home/emilfreme/.local/share/nvim/site/pack/core/opt/vim-airline/autoload/airline.vim
124.227  000.398  000.398: sourcing /home/emilfreme/.local/share/nvim/site/pack/core/opt/vim-airline/autoload/airline/extensions/term.vim
130.001  002.578  002.578: require('vim.lsp.protocol')
130.074  003.163  000.585: require('vim.lsp.log')
133.712  003.632  003.632: require('vim.lsp.util')
135.455  000.816  000.816: require('vim.lsp.sync')
135.465  001.713  000.898: require('vim.lsp._changetracking')
137.126  000.492  000.492: require('vim.lsp._transport')
137.146  000.015  000.015: require('vim._core.stringbuffer')
137.229  001.759  001.253: require('vim.lsp.rpc')
137.378  012.821  002.553: require('vim.lsp')
137.946  000.386  000.386: sourcing /home/emilfreme/.local/share/nvim/site/pack/core/opt/vim-airline/autoload/airline/extensions/nvimlsp.vim
138.730  000.490  000.490: sourcing /home/emilfreme/.local/share/nvim/site/pack/core/opt/vim-airline/autoload/airline/extensions/whitespace.vim
139.351  000.345  000.345: sourcing /home/emilfreme/.local/share/nvim/site/pack/core/opt/vim-airline/autoload/airline/extensions/wordcount.vim
139.979  000.444  000.444: sourcing /home/emilfreme/.local/share/nvim/site/pack/core/opt/vim-airline/autoload/airline/extensions/tabline.vim
140.465  000.300  000.300: sourcing /home/emilfreme/.local/share/nvim/site/pack/core/opt/vim-airline/autoload/airline/extensions/tabline/autoshow.vim
141.050  000.382  000.382: sourcing /home/emilfreme/.local/share/nvim/site/pack/core/opt/vim-airline/autoload/airline/extensions/tabline/tabs.vim
141.696  000.485  000.485: sourcing /home/emilfreme/.local/share/nvim/site/pack/core/opt/vim-airline/autoload/airline/extensions/tabline/buffers.vim
142.251  000.249  000.249: sourcing /home/emilfreme/.local/share/nvim/site/pack/core/opt/vim-airline/autoload/airline/extensions/xkblayout.vim
142.695  000.268  000.268: sourcing /home/emilfreme/.local/share/nvim/site/pack/core/opt/vim-airline/autoload/airline/extensions/keymap.vim
143.276  000.278  000.278: sourcing /home/emilfreme/.local/share/nvim/site/pack/core/opt/vim-airline/autoload/airline/extensions/searchcount.vim
148.992  000.360  000.360: sourcing /home/emilfreme/.local/share/nvim/site/pack/core/opt/vim-airline/autoload/airline/section.vim
149.789  000.564  000.564: sourcing /home/emilfreme/.local/share/nvim/site/pack/core/opt/vim-airline/autoload/airline/highlighter.vim
154.538  000.427  000.427: sourcing /home/emilfreme/.local/share/nvim/site/pack/core/opt/vim-airline/autoload/airline/themes.vim
154.758  001.045  000.618: sourcing /home/emilfreme/.local/share/nvim/site/pack/core/opt/vim-airline-themes/autoload/airline/themes/violet.vim
160.639  000.216  000.216: sourcing /home/emilfreme/.local/share/nvim/site/pack/core/opt/vim-airline-themes/autoload/airline/themes/violet.vim
188.562  000.498  000.498: sourcing /home/emilfreme/.local/share/nvim/site/pack/core/opt/vim-airline/autoload/airline/builder.vim
189.473  000.418  000.418: sourcing /home/emilfreme/.local/share/nvim/site/pack/core/opt/vim-airline/autoload/airline/extensions/default.vim
219.669  077.142: opening buffers
219.704  000.035: BufEnter autocommands
219.709  000.005: editing files in windows
219.964  000.255: VimEnter autocommands
220.431  000.467: UIEnter autocommands
220.439  000.008: before starting main loop
221.433  000.505  000.505: sourcing /home/emilfreme/.local/share/nvim/site/pack/core/opt/vim-airline/autoload/airline/extensions/tabline/ctrlspace.vim
222.038  000.436  000.436: sourcing /home/emilfreme/.local/share/nvim/site/pack/core/opt/vim-airline/autoload/airline/extensions/tabline/tabws.vim
223.056  000.583  000.583: sourcing /home/emilfreme/.local/share/nvim/site/pack/core/opt/vim-airline/autoload/airline/extensions/tabline/builder.vim
223.683  000.408  000.408: sourcing /home/emilfreme/.local/share/nvim/site/pack/core/opt/vim-airline/autoload/airline/extensions/tabline/buflist.vim
227.949  000.288  000.288: sourcing /home/emilfreme/.local/share/nvim/site/pack/core/opt/vim-airline/autoload/airline/extensions/tabline/formatters/unique_tail.vim
228.428  000.315  000.315: sourcing /home/emilfreme/.local/share/nvim/site/pack/core/opt/vim-airline/autoload/airline/extensions/tabline/formatters/default.vim
235.799  002.378  002.378: require('vim.lsp.client')
236.495  011.144: first screen update
236.500  000.005: --- NVIM STARTED ---

--- Startup times for process: Primary (or UI client) ---

times in msec
 clock   self+sourced   self:  sourced script
 clock   elapsed:              other lines

000.001  000.001: --- NVIM STARTING ---
000.179  000.178: event init
000.293  000.113: early init
000.357  000.065: locale set
000.405  000.047: init first window
000.932  000.527: inits 1
000.948  000.016: window checked
001.043  000.095: parsing arguments
001.630  000.056  000.056: require('vim._core.shared')
001.717  000.006  000.006: require('string.buffer')
001.750  000.058  000.052: require('vim.inspect')
001.812  000.050  000.050: require('vim._core.options')
001.815  000.181  000.073: require('vim._core.editor')
001.844  000.028  000.028: require('vim._core.system')
001.846  000.298  000.033: require('vim._init_packages')
001.848  000.508: init lua interpreter
003.258  001.409: nvim_ui_attach
004.031  000.773: nvim_set_client_info
004.037  000.006: --- NVIM STARTED ---

--- Startup times for process: Embedded ---

times in msec
 clock   self+sourced   self:  sourced script
 clock   elapsed:              other lines

000.000  000.000: --- NVIM STARTING ---
000.171  000.170: event init
000.280  000.109: early init
000.356  000.076: locale set
000.405  000.049: init first window
000.871  000.466: inits 1
000.888  000.018: window checked
000.985  000.096: parsing arguments
001.650  000.057  000.057: require('vim._core.shared')
001.750  000.006  000.006: require('string.buffer')
001.787  000.064  000.057: require('vim.inspect')
001.858  000.056  000.056: require('vim._core.options')
001.862  000.207  000.087: require('vim._core.editor')
001.902  000.039  000.039: require('vim._core.system')
001.905  000.342  000.040: require('vim._init_packages')
001.907  000.580: init lua interpreter
002.010  000.102: expanding arguments
002.043  000.033: inits 2
002.425  000.381: init highlight
002.428  000.003: waiting for UI
002.649  000.221: done waiting for UI
002.663  000.014: clear screen
002.874  000.017  000.017: require('vim.keymap')
004.209  000.210  000.210: sourcing nvim_exec2()
004.281  000.009  000.009: require('vim._core.log')
023.455  020.787  020.551: require('vim._core.defaults')
023.468  000.018: init default mappings & autocommands
024.327  000.097  000.097: sourcing /snap/nvim/4779/usr/share/nvim/runtime/ftplugin.vim
024.439  000.046  000.046: sourcing /snap/nvim/4779/usr/share/nvim/runtime/indent.vim
026.855  000.224  000.224: require('vim._async')
026.885  001.973  001.748: require('vim.pack')
026.973  000.060  000.060: require('vim.fs')
027.098  000.009  000.009: require('vim.F')
032.955  002.440  002.440: sourcing /home/emilfreme/.local/share/nvim/site/pack/core/opt/PastelPeach-vim/colors/pastel-peach-dark.vim
032.997  002.613  000.173: sourcing nvim_exec2() called at /home/emilfreme/.config/nvim/init.lua:0
033.166  008.465  003.809: require('emil.base')
034.473  001.296  001.296: require('emil.airline')
035.382  000.147  000.147: require('focus.util')
035.390  000.332  000.185: require('focus.config')
035.819  000.121  000.121: require('focus.plugins')
035.908  000.084  000.084: require('focus.views.zen')
036.032  000.120  000.120: require('focus.views.narrow')
036.041  000.648  000.323: require('focus.views.focus')
036.045  001.085  000.104: require('focus')
036.182  000.020  000.020: sourcing nvim_exec2() called at /home/emilfreme/.config/nvim/init.lua:0
036.201  001.718  000.613: require('emil.zenmode')
036.714  000.509  000.509: require('emil.imgclip')
037.355  000.093  000.093: require('nvim-treesitter')
037.590  000.224  000.224: require('nvim-treesitter.config')
037.606  000.883  000.566: require('emil.treesitter')
037.799  000.188  000.188: require('emil.keymaps')
041.035  002.739  002.739: require('vim.diagnostic')
041.071  003.266  000.527: require('emil.lspconf')
045.564  000.075  000.075: require('cmp.utils.debug')
045.934  000.169  000.169: require('cmp.utils.char')
045.949  000.376  000.207: require('cmp.utils.str')
046.649  000.246  000.246: require('cmp.utils.misc')
046.779  000.124  000.124: require('cmp.utils.buffer')
047.055  000.270  000.270: require('cmp.utils.api')
047.117  001.047  000.407: require('cmp.utils.keymap')
047.123  001.170  000.123: require('cmp.utils.feedkeys')
048.038  000.077  000.077: require('cmp.types.cmp')
048.289  000.245  000.245: require('cmp.types.lsp')
048.349  000.056  000.056: require('cmp.types.vim')
048.353  000.447  000.069: require('cmp.types')
048.360  000.635  000.188: require('cmp.config.mapping')
048.435  000.073  000.073: require('cmp.utils.cache')
048.816  000.243  000.243: require('cmp.config.compare')
048.889  000.068  000.068: require('cmp.config.window')
048.892  000.453  000.142: require('cmp.config.default')
048.918  001.421  000.260: require('cmp.config')
048.944  001.818  000.398: require('cmp.utils.async')
049.129  000.063  000.063: require('cmp.utils.pattern')
049.134  000.187  000.124: require('cmp.context')
050.419  000.408  000.408: require('cmp.utils.snippet')
050.667  000.243  000.243: require('cmp.matcher')
050.829  001.371  000.720: require('cmp.entry')
050.843  001.707  000.336: require('cmp.source')
051.213  000.103  000.103: require('cmp.utils.event')
051.891  000.160  000.160: require('cmp.utils.options')
051.902  000.486  000.325: require('cmp.utils.window')
051.905  000.688  000.202: require('cmp.view.docs_view')
052.581  000.106  000.106: require('cmp.utils.autocmd')
052.599  000.691  000.585: require('cmp.view.custom_entries_view')
052.915  000.314  000.314: require('cmp.view.wildmenu_entries_view')
053.129  000.211  000.211: require('cmp.view.native_entries_view')
053.328  000.196  000.196: require('cmp.view.ghost_text_view')
053.342  002.497  000.293: require('cmp.view')
053.814  008.931  001.101: require('cmp.core')
054.098  000.068  000.068: require('cmp.config.sources')
054.198  010.398  001.400: require('cmp')
054.498  013.423  003.024: require('emil.cmp')
054.502  029.893  000.145: require('emil')
054.506  029.942  000.049: sourcing /home/emilfreme/.config/nvim/init.lua
054.517  000.963: sourcing vimrc file(s)
054.945  000.157  000.157: sourcing nvim_exec2() called at /snap/nvim/4779/usr/share/nvim/runtime/filetype.lua:0
054.950  000.276  000.119: sourcing /snap/nvim/4779/usr/share/nvim/runtime/filetype.lua
055.339  000.191  000.191: sourcing /snap/nvim/4779/usr/share/nvim/runtime/syntax/synload.vim
056.144  001.119  000.928: sourcing /snap/nvim/4779/usr/share/nvim/runtime/syntax/syntax.vim
056.737  000.092  000.092: require('cmp.utils.highlight')
057.604  000.011  000.011: sourcing nvim_exec2() called at /home/emilfreme/.local/share/nvim/site/pack/core/opt/nvim-cmp/plugin/cmp.lua:0
057.614  001.105  001.002: sourcing /home/emilfreme/.local/share/nvim/site/pack/core/opt/nvim-cmp/plugin/cmp.lua
058.252  000.440  000.440: sourcing /home/emilfreme/.local/share/nvim/site/pack/core/opt/nvim-lspconfig/plugin/lspconfig.lua
061.260  000.164  000.164: require('vim.treesitter.language')
061.340  000.073  000.073: require('vim.func')
061.519  000.175  000.175: require('vim.treesitter._range')
061.643  000.117  000.117: require('vim.func._memoize')
061.798  001.351  000.821: require('vim.treesitter.query')
061.856  002.452  001.102: require('vim.treesitter.languagetree')
061.865  003.136  000.683: require('vim.treesitter')
062.065  003.617  000.481: sourcing /home/emilfreme/.local/share/nvim/site/pack/core/opt/nvim-treesitter/plugin/filetypes.lua
062.219  000.105  000.105: sourcing /home/emilfreme/.local/share/nvim/site/pack/core/opt/nvim-treesitter/plugin/nvim-treesitter.lua
062.309  000.050  000.050: sourcing /home/emilfreme/.local/share/nvim/site/pack/core/opt/nvim-treesitter/plugin/query_predicates.lua
062.614  000.072  000.072: require('img-clip.debug')
062.907  000.289  000.289: require('img-clip.config')
063.231  000.158  000.158: require('img-clip.mime_types')
063.237  000.326  000.168: require('img-clip.util')
063.658  000.162  000.162: require('img-clip.clipboard')
063.999  000.187  000.187: require('img-clip.fs')
064.004  000.342  000.155: require('img-clip.markup')
064.009  000.694  000.190: require('img-clip.paste')
064.011  000.772  000.077: require('img-clip')
064.022  001.559  000.100: sourcing /home/emilfreme/.local/share/nvim/site/pack/core/opt/img-clip.nvim/plugin/img-clip.lua
064.616  000.121  000.121: sourcing /home/emilfreme/.local/share/nvim/site/pack/core/opt/vim-airline/autoload/airline/init.vim
065.875  000.758  000.758: sourcing /home/emilfreme/.local/share/nvim/site/pack/core/opt/vim-airline/autoload/airline/parts.vim
066.216  000.018  000.018: sourcing /home/emilfreme/.local/share/nvim/site/pack/core/opt/vim-airline/autoload/airline/formatter/short_path.vim
067.911  000.201  000.201: sourcing /home/emilfreme/.local/share/nvim/site/pack/core/opt/vim-airline/autoload/airline/util.vim
068.029  003.883  002.784: sourcing /home/emilfreme/.local/share/nvim/site/pack/core/opt/vim-airline/plugin/airline.vim
068.203  000.039  000.039: sourcing /home/emilfreme/.local/share/nvim/site/pack/core/opt/vim-airline-themes/plugin/airline-themes.vim
068.866  000.223  000.223: sourcing /snap/nvim/4779/usr/share/nvim/runtime/plugin/gzip.vim
069.868  000.264  000.264: sourcing /snap/nvim/4779/usr/share/nvim/runtime/pack/dist/opt/matchit/plugin/matchit.vim
069.948  000.977  000.714: sourcing /snap/nvim/4779/usr/share/nvim/runtime/plugin/matchit.vim
070.179  000.183  000.183: sourcing /snap/nvim/4779/usr/share/nvim/runtime/plugin/matchparen.vim
071.428  000.411  000.411: sourcing /snap/nvim/4779/usr/share/nvim/runtime/pack/dist/opt/netrw/plugin/netrwPlugin.vim
071.513  001.286  000.875: sourcing /snap/nvim/4779/usr/share/nvim/runtime/plugin/netrwPlugin.vim
071.863  000.256  000.256: sourcing /snap/nvim/4779/usr/share/nvim/runtime/plugin/rplugin.vim
072.079  000.142  000.142: sourcing /snap/nvim/4779/usr/share/nvim/runtime/plugin/tarPlugin.vim
072.168  000.031  000.031: sourcing /snap/nvim/4779/usr/share/nvim/runtime/plugin/tutor.vim
072.402  000.185  000.185: sourcing /snap/nvim/4779/usr/share/nvim/runtime/plugin/zipPlugin.vim
072.556  000.095  000.095: sourcing /snap/nvim/4779/usr/share/nvim/runtime/plugin/editorconfig.lua
072.708  000.102  000.102: sourcing /snap/nvim/4779/usr/share/nvim/runtime/plugin/man.lua
072.933  000.176  000.176: sourcing /snap/nvim/4779/usr/share/nvim/runtime/plugin/net.lua
073.137  000.126  000.126: sourcing /snap/nvim/4779/usr/share/nvim/runtime/plugin/osc52.lua
073.349  000.165  000.165: sourcing /snap/nvim/4779/usr/share/nvim/runtime/plugin/shada.lua
073.466  000.063  000.063: sourcing /snap/nvim/4779/usr/share/nvim/runtime/plugin/spellfile.lua
073.493  002.772: loading rtp plugins
073.737  000.244: loading packages
074.247  000.347  000.347: require('cmp_cmdline')
074.305  000.431  000.084: sourcing /home/emilfreme/.local/share/nvim/site/pack/core/opt/cmp-cmdline/after/plugin/cmp_cmdline.lua
074.721  000.261  000.261: require('cmp_path')
074.766  000.330  000.069: sourcing /home/emilfreme/.local/share/nvim/site/pack/core/opt/cmp-path/after/plugin/cmp_path.lua
075.517  000.097  000.097: require('cmp_buffer.timer')
075.524  000.415  000.318: require('cmp_buffer.buffer')
075.531  000.550  000.135: require('cmp_buffer.source')
075.534  000.615  000.065: require('cmp_buffer')
075.574  000.676  000.061: sourcing /home/emilfreme/.local/share/nvim/site/pack/core/opt/cmp-buffer/after/plugin/cmp_buffer.lua
076.042  000.169  000.169: require('cmp_nvim_lsp.source')
076.047  000.338  000.169: require('cmp_nvim_lsp')
076.062  000.375  000.037: sourcing /home/emilfreme/.local/share/nvim/site/pack/core/opt/cmp-nvim-lsp/after/plugin/cmp_nvim_lsp.lua
076.067  000.517: loading after plugins
076.082  000.016: inits 3
078.961  002.879: reading ShaDa
086.398  002.334  002.334: require('vim.filetype')
091.324  004.346  004.346: require('vim.filetype.detect')
095.001  001.216  001.216: sourcing /snap/nvim/4779/usr/share/nvim/runtime/autoload/htmlcomplete.vim
095.314  001.955  000.740: sourcing /snap/nvim/4779/usr/share/nvim/runtime/ftplugin/html.vim
095.834  003.488  001.533: sourcing /snap/nvim/4779/usr/share/nvim/runtime/ftplugin/markdown.vim
106.188  001.527  001.527: require('vim.treesitter.highlighter')
121.016  025.126  023.599: sourcing /snap/nvim/4779/usr/share/nvim/runtime/ftplugin/markdown.lua
122.483  000.277  000.277: sourcing /home/emilfreme/.local/share/nvim/site/pack/core/opt/vim-airline/autoload/airline/extensions.vim
122.674  000.052  000.052: sourcing /home/emilfreme/.local/share/nvim/site/pack/core/opt/vim-airline/autoload/airline/extensions/quickfix.vim
122.970  000.189  000.189: sourcing /home/emilfreme/.local/share/nvim/site/pack/core/opt/vim-airline/autoload/airline.vim
123.405  000.135  000.135: sourcing /home/emilfreme/.local/share/nvim/site/pack/core/opt/vim-airline/autoload/airline/extensions/term.vim
126.831  001.327  001.327: require('vim.lsp.protocol')
126.881  001.571  000.244: require('vim.lsp.log')
128.499  001.612  001.612: require('vim.lsp.util')
129.067  000.248  000.248: require('vim.lsp.sync')
129.075  000.569  000.321: require('vim.lsp._changetracking')
129.703  000.215  000.215: require('vim.lsp._transport')
129.715  000.008  000.008: require('vim._core.stringbuffer')
129.845  000.766  000.543: require('vim.lsp.rpc')
129.921  006.194  001.676: require('vim.lsp')
130.182  000.096  000.096: sourcing /home/emilfreme/.local/share/nvim/site/pack/core/opt/vim-airline/autoload/airline/extensions/nvimlsp.vim
130.560  000.151  000.151: sourcing /home/emilfreme/.local/share/nvim/site/pack/core/opt/vim-airline/autoload/airline/extensions/whitespace.vim
130.894  000.104  000.104: sourcing /home/emilfreme/.local/share/nvim/site/pack/core/opt/vim-airline/autoload/airline/extensions/wordcount.vim
131.254  000.190  000.190: sourcing /home/emilfreme/.local/share/nvim/site/pack/core/opt/vim-airline/autoload/airline/extensions/tabline.vim
131.468  000.052  000.052: sourcing /home/emilfreme/.local/share/nvim/site/pack/core/opt/vim-airline/autoload/airline/extensions/tabline/autoshow.vim
131.765  000.090  000.090: sourcing /home/emilfreme/.local/share/nvim/site/pack/core/opt/vim-airline/autoload/airline/extensions/tabline/tabs.vim
132.083  000.179  000.179: sourcing /home/emilfreme/.local/share/nvim/site/pack/core/opt/vim-airline/autoload/airline/extensions/tabline/buffers.vim
132.397  000.043  000.043: sourcing /home/emilfreme/.local/share/nvim/site/pack/core/opt/vim-airline/autoload/airline/extensions/xkblayout.vim
132.591  000.032  000.032: sourcing /home/emilfreme/.local/share/nvim/site/pack/core/opt/vim-airline/autoload/airline/extensions/keymap.vim
132.929  000.048  000.048: sourcing /home/emilfreme/.local/share/nvim/site/pack/core/opt/vim-airline/autoload/airline/extensions/searchcount.vim
138.327  000.092  000.092: sourcing /home/emilfreme/.local/share/nvim/site/pack/core/opt/vim-airline/autoload/airline/section.vim
138.740  000.199  000.199: sourcing /home/emilfreme/.local/share/nvim/site/pack/core/opt/vim-airline/autoload/airline/highlighter.vim
142.802  000.057  000.057: sourcing /home/emilfreme/.local/share/nvim/site/pack/core/opt/vim-airline/autoload/airline/themes.vim
142.982  000.366  000.309: sourcing /home/emilfreme/.local/share/nvim/site/pack/core/opt/vim-airline-themes/autoload/airline/themes/violet.vim
147.788  000.214  000.214: sourcing /home/emilfreme/.local/share/nvim/site/pack/core/opt/vim-airline-themes/autoload/airline/themes/violet.vim
176.213  000.155  000.155: sourcing /home/emilfreme/.local/share/nvim/site/pack/core/opt/vim-airline/autoload/airline/builder.vim
176.894  000.354  000.354: sourcing /home/emilfreme/.local/share/nvim/site/pack/core/opt/vim-airline/autoload/airline/extensions/wordcount/formatters/default.vim
177.333  000.098  000.098: sourcing /home/emilfreme/.local/share/nvim/site/pack/core/opt/vim-airline/autoload/airline/extensions/default.vim
209.160  000.864  000.864: require('editorconfig')
209.583  085.151: opening buffers
209.615  000.032: BufEnter autocommands
209.619  000.004: editing files in windows
209.847  000.228: VimEnter autocommands
210.122  000.275: UIEnter autocommands
210.126  000.004: before starting main loop
213.902  000.104  000.104: sourcing /home/emilfreme/.local/share/nvim/site/pack/core/opt/vim-airline/autoload/airline/extensions/tabline/ctrlspace.vim
214.124  000.087  000.087: sourcing /home/emilfreme/.local/share/nvim/site/pack/core/opt/vim-airline/autoload/airline/extensions/tabline/tabws.vim
214.658  000.127  000.127: sourcing /home/emilfreme/.local/share/nvim/site/pack/core/opt/vim-airline/autoload/airline/extensions/tabline/builder.vim
214.910  000.053  000.053: sourcing /home/emilfreme/.local/share/nvim/site/pack/core/opt/vim-airline/autoload/airline/extensions/tabline/buflist.vim
218.453  000.035  000.035: sourcing /home/emilfreme/.local/share/nvim/site/pack/core/opt/vim-airline/autoload/airline/extensions/tabline/formatters/unique_tail.vim
218.670  000.039  000.039: sourcing /home/emilfreme/.local/share/nvim/site/pack/core/opt/vim-airline/autoload/airline/extensions/tabline/formatters/default.vim
226.651  000.956  000.956: require('vim.lsp.client')
228.250  016.724: first screen update
228.254  000.005: --- NVIM STARTED ---

